<?xml version="1.0" encoding="UTF-8"?>
<!-- Generated by org.testng.reporters.JUnitXMLReporter -->
<testsuite hostname="LAPTOP-8OF1CJ1H" ignored="0" name="Default test" tests="6" failures="0" timestamp="04 Apr 2018 12:20:03 GMT" time="67.928" errors="0">
  <testcase name="BirthdayDetailsTest" time="0.582" classname="testng.TestngFacebook"/>
  <testcase name="CreateBtntest" time="0.3" classname="testng.TestngFacebook"/>
  <testcase name="ForgottenAccountTest" time="7.215" classname="testng.TestngFacebook"/>
  <testcase name="GenderDetailsTest" time="0.199" classname="testng.TestngFacebook"/>
  <testcase name="SignUpDetailsTest" time="1.73" classname="testng.TestngFacebook"/>
  <testcase name="TitleVerificationTest" time="0.024" classname="testng.TestngFacebook"/>
</testsuite> <!-- Default test -->
